<?xml version="1.0" encoding="UTF-8"?>
<!-- Generated by org.testng.reporters.JUnitXMLReporter -->
<testsuite ignored="0" hostname="DESKTOP-M1KSKAA" failures="0" tests="1" name="Error_methods" time="4.799" errors="0" timestamp="2024-04-16T14:10:11 IST">
  <testcase classname="rahulsettyacademy.TestComponent.ConfigClass" name="@BeforeMethod browserlunch" time="2.542">
    <failure type="java.lang.NullPointerException" message="Cannot invoke &amp;quot;java.util.logging.Logger.info(String)&amp;quot; because &amp;quot;rahulsettyacademy.TestComponent.ConfigClass.logger&amp;quot; is null">
      <![CDATA[java.lang.NullPointerException: Cannot invoke "java.util.logging.Logger.info(String)" because "rahulsettyacademy.TestComponent.ConfigClass.logger" is null
at rahulsettyacademy.TestComponent.ConfigClass.browserlunch(ConfigClass.java:65)
at java.base/java.util.ArrayList.forEach(ArrayList.java:1511)
at com.intellij.rt.testng.IDEARemoteTestNG.run(IDEARemoteTestNG.java:65)
at com.intellij.rt.testng.RemoteTestNGStarter.main(RemoteTestNGStarter.java:105)
... Removed 28 stack frames]]>
    </failure>
  </testcase> <!-- @BeforeMethod browserlunch -->
  <testcase classname="rahulsettyacademy.TestComponent.ConfigClass" name="@AfterMethod close_browser" time="2.164">
    <failure type="java.lang.NullPointerException" message="Cannot invoke &amp;quot;java.util.logging.Logger.info(String)&amp;quot; because &amp;quot;rahulsettyacademy.TestComponent.ConfigClass.logger&amp;quot; is null">
      <![CDATA[java.lang.NullPointerException: Cannot invoke "java.util.logging.Logger.info(String)" because "rahulsettyacademy.TestComponent.ConfigClass.logger" is null
at rahulsettyacademy.TestComponent.ConfigClass.close_browser(ConfigClass.java:77)
at java.base/java.util.ArrayList.forEach(ArrayList.java:1511)
at com.intellij.rt.testng.IDEARemoteTestNG.run(IDEARemoteTestNG.java:65)
at com.intellij.rt.testng.RemoteTestNGStarter.main(RemoteTestNGStarter.java:105)
... Removed 29 stack frames]]>
    </failure>
  </testcase> <!-- @AfterMethod close_browser -->
  <testcase classname="rahulsettyacademy.submitorder.Error_Handling" name="Login_Error" time="0.0">
    <skipped/>
  </testcase> <!-- Login_Error -->
</testsuite> <!-- Error_methods -->
