<?xml version="1.0" encoding="UTF-8"?>
<!-- Generated by org.testng.reporters.JUnitXMLReporter -->
<testsuite ignored="0" hostname="DESKTOP-M1KSKAA" failures="1" tests="2" name="Error_methods" time="17.372" errors="0" timestamp="2024-04-12T22:18:16 IST">
  <testcase classname="rahulsettyacademy.submitorder.Error_Handling" name="Login_Error" time="0.806">
    <skipped/>
  </testcase> <!-- Login_Error -->
  <testcase classname="rahulsettyacademy.submitorder.Error_Handling" name="Login_Error" time="1.955">
    <failure type="java.lang.AssertionError" message="expected [Incorrect email or password.] but found [Incorre mail or password.]">
      <![CDATA[java.lang.AssertionError: expected [Incorrect email or password.] but found [Incorre mail or password.]
at rahulsettyacademy.submitorder.Error_Handling.Login_Error(Error_Handling.java:18)
at java.base/java.util.ArrayList.forEach(ArrayList.java:1511)
at java.base/java.util.concurrent.FutureTask.run(FutureTask.java:264)
at java.base/java.util.concurrent.ThreadPoolExecutor.runWorker(ThreadPoolExecutor.java:1136)
at java.base/java.util.concurrent.ThreadPoolExecutor$Worker.run(ThreadPoolExecutor.java:635)
at java.base/java.lang.Thread.run(Thread.java:833)
... Removed 23 stack frames]]>
    </failure>
  </testcase> <!-- Login_Error -->
</testsuite> <!-- Error_methods -->
