<?xml version="1.0" encoding="UTF-8"?>
<!-- Generated by org.testng.reporters.JUnitXMLReporter -->
<testsuite ignored="2" hostname="DESKTOP-M1KSKAA" failures="0" tests="0" time="0.001" errors="0" timestamp="2024-04-16T14:10:12 IST">
  <testcase classname="rahulsettyacademy.submitorder.Submit_Order" name="MyOrde" time="0.0">
    <ignored/>
  </testcase> <!-- MyOrde -->
  <testcase classname="rahulsettyacademy.submitorder.Submit_Order" name="Order" time="0.0">
    <ignored/>
  </testcase> <!-- Order -->
</testsuite>
