<?xml version="1.0" encoding="UTF-8"?>
<!-- Generated by org.testng.reporters.JUnitXMLReporter -->
<testsuite ignored="0" hostname="DESKTOP-M1KSKAA" failures="2" tests="3" name="Submit" time="45.367" errors="0" timestamp="2024-04-12T22:18:43 IST">
  <testcase classname="rahulsettyacademy.submitorder.Submit_Order" name="Order" time="19.936">
    <failure type="java.lang.AssertionError" message="expected [true] but found [false]">
      <![CDATA[java.lang.AssertionError: expected [true] but found [false]
at rahulsettyacademy.submitorder.Submit_Order.Order(Submit_Order.java:29)
at java.base/java.util.ArrayList.forEach(ArrayList.java:1511)
at java.base/java.util.concurrent.FutureTask.run(FutureTask.java:264)
at java.base/java.util.concurrent.ThreadPoolExecutor.runWorker(ThreadPoolExecutor.java:1136)
at java.base/java.util.concurrent.ThreadPoolExecutor$Worker.run(ThreadPoolExecutor.java:635)
at java.base/java.lang.Thread.run(Thread.java:833)
... Removed 21 stack frames]]>
    </failure>
  </testcase> <!-- Order -->
  <testcase classname="rahulsettyacademy.submitorder.Submit_Order" name="Order" time="14.997">
    <failure type="java.lang.AssertionError" message="expected [true] but found [false]">
      <![CDATA[java.lang.AssertionError: expected [true] but found [false]
at rahulsettyacademy.submitorder.Submit_Order.Order(Submit_Order.java:29)
at java.base/java.util.ArrayList.forEach(ArrayList.java:1511)
at java.base/java.util.concurrent.FutureTask.run(FutureTask.java:264)
at java.base/java.util.concurrent.ThreadPoolExecutor.runWorker(ThreadPoolExecutor.java:1136)
at java.base/java.util.concurrent.ThreadPoolExecutor$Worker.run(ThreadPoolExecutor.java:635)
at java.base/java.lang.Thread.run(Thread.java:833)
... Removed 21 stack frames]]>
    </failure>
  </testcase> <!-- Order -->
  <testcase classname="rahulsettyacademy.submitorder.Submit_Order" name="MyOrde" time="0.0">
    <skipped/>
  </testcase> <!-- MyOrde -->
</testsuite> <!-- Submit -->
