<?xml version="1.0" encoding="UTF-8"?>
<testng-results ignored="0" total="1" passed="1" failed="0" skipped="0">
  <reporter-output>
  </reporter-output>
  <suite started-at="2024-04-17T09:48:32 IST" name="Default Suite" finished-at="2024-04-17T09:48:36 IST" duration-ms="4380">
    <groups>
      <group name="errors">
        <method signature="Error_Handling.Login_Error()[pri:0, instance:rahulsettyacademy.submitorder.Error_Handling@6d23017e]" name="Login_Error" class="rahulsettyacademy.submitorder.Error_Handling"/>
      </group> <!-- errors -->
    </groups>
    <test started-at="2024-04-17T09:48:32 IST" name="SeleniumFrame_pageobjects" finished-at="2024-04-17T09:48:36 IST" duration-ms="4380">
      <class name="rahulsettyacademy.submitorder.Error_Handling">
        <test-method is-config="true" signature="browserlunch()[pri:0, instance:rahulsettyacademy.submitorder.Error_Handling@6d23017e]" started-at="2024-04-17T09:48:32 IST" name="browserlunch" finished-at="2024-04-17T09:48:35 IST" duration-ms="3551" status="PASS">
          <reporter-output>
          </reporter-output>
        </test-method> <!-- browserlunch -->
        <test-method signature="Login_Error()[pri:0, instance:rahulsettyacademy.submitorder.Error_Handling@6d23017e]" started-at="2024-04-17T09:48:35 IST" name="Login_Error" finished-at="2024-04-17T09:48:36 IST" duration-ms="525" status="PASS">
          <reporter-output>
          </reporter-output>
        </test-method> <!-- Login_Error -->
        <test-method is-config="true" signature="close_browser()[pri:0, instance:rahulsettyacademy.submitorder.Error_Handling@6d23017e]" started-at="2024-04-17T09:48:36 IST" name="close_browser" finished-at="2024-04-17T09:48:36 IST" duration-ms="264" status="PASS">
          <reporter-output>
          </reporter-output>
        </test-method> <!-- close_browser -->
      </class> <!-- rahulsettyacademy.submitorder.Error_Handling -->
    </test> <!-- SeleniumFrame_pageobjects -->
  </suite> <!-- Default Suite -->
</testng-results>
